# JRE version: Java(TM) SE Runtime Environment (12.0.1+12) (build 12.0.1+12)
# Java VM: Java HotSpot(TM) 64-Bit Server VM (12.0.1+12, mixed mode, sharing, tiered, compressed oops, g1 gc, linux-amd64)
Heap:
 garbage-first heap   total 169984K, used 30965K [0x00000000c4a00000, 0x0000000100000000)
  region size 1024K, 1 young (1024K), 1 survivors (1024K)
 Metaspace       used 36739K, capacity 38032K, committed 38272K, reserved 1081344K
  class space    used 4971K, capacity 5488K, committed 5504K, reserved 1048576K
GC Heap History (10 events):
Event: 19,871 GC heap after
{Heap after GC invocations=15 (full 0):
 garbage-first heap   total 70656K, used 25608K [0x00000000c4a00000, 0x0000000100000000)
  region size 1024K, 3 young (3072K), 3 survivors (3072K)
 Metaspace       used 33708K, capacity 34959K, committed 35328K, reserved 1079296K
  class space    used 4556K, capacity 5022K, committed 5120K, reserved 1048576K
}
Event: 21,019 GC heap before
{Heap before GC invocations=15 (full 0):
 garbage-first heap   total 70656K, used 45064K [0x00000000c4a00000, 0x0000000100000000)
  region size 1024K, 23 young (23552K), 3 survivors (3072K)
 Metaspace       used 34377K, capacity 35581K, committed 35840K, reserved 1079296K
  class space    used 4655K, capacity 5102K, committed 5120K, reserved 1048576K
}
Event: 21,038 GC heap after
{Heap after GC invocations=16 (full 0):
 garbage-first heap   total 84992K, used 27556K [0x00000000c4a00000, 0x0000000100000000)
  region size 1024K, 2 young (2048K), 2 survivors (2048K)
 Metaspace       used 34377K, capacity 35581K, committed 35840K, reserved 1079296K
  class space    used 4655K, capacity 5102K, committed 5120K, reserved 1048576K
}
Event: 22,612 GC heap before
{Heap before GC invocations=17 (full 0):
 garbage-first heap   total 84992K, used 56228K [0x00000000c4a00000, 0x0000000100000000)
  region size 1024K, 30 young (30720K), 2 survivors (2048K)
 Metaspace       used 35519K, capacity 36745K, committed 36864K, reserved 1081344K
  class space    used 4812K, capacity 5294K, committed 5376K, reserved 1048576K
}
Event: 22,638 GC heap after
{Heap after GC invocations=18 (full 0):
 garbage-first heap   total 84992K, used 29378K [0x00000000c4a00000, 0x0000000100000000)
  region size 1024K, 4 young (4096K), 4 survivors (4096K)
 Metaspace       used 35519K, capacity 36745K, committed 36864K, reserved 1081344K
  class space    used 4812K, capacity 5294K, committed 5376K, reserved 1048576K
}
Event: 332,727 GC heap before
{Heap before GC invocations=18 (full 0):
 garbage-first heap   total 84992K, used 58050K [0x00000000c4a00000, 0x0000000100000000)
  region size 1024K, 32 young (32768K), 4 survivors (4096K)
 Metaspace       used 36706K, capacity 38032K, committed 38272K, reserved 1081344K
  class space    used 4967K, capacity 5488K, committed 5504K, reserved 1048576K
}
Event: 337,857 GC heap after
{Heap after GC invocations=19 (full 0):
 garbage-first heap   total 84992K, used 31283K [0x00000000c4a00000, 0x0000000100000000)
  region size 1024K, 4 young (4096K), 4 survivors (4096K)
 Metaspace       used 36706K, capacity 38032K, committed 38272K, reserved 1081344K
  class space    used 4967K, capacity 5488K, committed 5504K, reserved 1048576K
}
Event: 403,175 GC heap before
{Heap before GC invocations=19 (full 0):
 garbage-first heap   total 84992K, used 32307K [0x00000000c4a00000, 0x0000000100000000)
  region size 1024K, 5 young (5120K), 4 survivors (4096K)
 Metaspace       used 36706K, capacity 38032K, committed 38272K, reserved 1081344K
  class space    used 4967K, capacity 5488K, committed 5504K, reserved 1048576K
}
Event: 417,787 GC heap after
{Heap after GC invocations=20 (full 0):
 garbage-first heap   total 84992K, used 31458K [0x00000000c4a00000, 0x0000000100000000)
  region size 1024K, 1 young (1024K), 1 survivors (1024K)
 Metaspace       used 36706K, capacity 38032K, committed 38272K, reserved 1081344K
  class space    used 4967K, capacity 5488K, committed 5504K, reserved 1048576K
}
Event: 608,119 GC heap before
{Heap before GC invocations=20 (full 0):
 garbage-first heap   total 84992K, used 34530K [0x00000000c4a00000, 0x0000000100000000)
  region size 1024K, 4 young (4096K), 1 survivors (1024K)
 Metaspace       used 36739K, capacity 38032K, committed 38272K, reserved 1081344K
  class space    used 4971K, capacity 5488K, committed 5504K, reserved 1048576K
}

